[debug] [2021-04-26T23:04:35.240Z] ----------------------------------------------------------------------
[debug] [2021-04-26T23:04:35.242Z] Command:       /Users/joshholladay/.nvm/versions/node/v12.22.1/bin/node /Users/joshholladay/.nvm/versions/node/v15.2.1/bin/firebase emulators:start
[debug] [2021-04-26T23:04:35.242Z] CLI Version:   9.10.0
[debug] [2021-04-26T23:04:35.242Z] Platform:      darwin
[debug] [2021-04-26T23:04:35.242Z] Node Version:  v12.22.1
[debug] [2021-04-26T23:04:35.243Z] Time:          Mon Apr 26 2021 17:04:35 GMT-0600 (Mountain Daylight Time)
[debug] [2021-04-26T23:04:35.243Z] ----------------------------------------------------------------------
[debug] 
[debug] [2021-04-26T23:04:35.249Z] > command requires scopes: ["email","openid","https://www.googleapis.com/auth/cloudplatformprojects.readonly","https://www.googleapis.com/auth/firebase","https://www.googleapis.com/auth/cloud-platform"]
[debug] [2021-04-26T23:04:35.249Z] > authorizing via signed-in user (iamjoshholladay@gmail.com)
[info] i  emulators: Starting emulators: functions, firestore {"metadata":{"emulator":{"name":"hub"},"message":"Starting emulators: functions, firestore"}}
[debug] [2021-04-26T23:04:35.312Z] [hub] writing locator at /var/folders/09/h5r4_60s06s8smwghb72xbbm0000gn/T/hub-calico-7c4ba.json
[warn] ⚠  functions: The following emulators are not running, calls to these services from the Functions emulator will affect production: auth, database, hosting, pubsub {"metadata":{"emulator":{"name":"functions"},"message":"The following emulators are not running, calls to these services from the Functions emulator will affect production: \u001b[1mauth, database, hosting, pubsub\u001b[22m"}}
[info] ✔  functions: Using node@12 from host. {"metadata":{"emulator":{"name":"functions"},"message":"Using node@12 from host."}}
[debug] [2021-04-26T23:04:35.369Z] defaultcredentials: writing to file /Users/joshholladay/.config/firebase/iamjoshholladay_gmail_com_application_default_credentials.json
[debug] [2021-04-26T23:04:35.400Z] Setting GAC to /Users/joshholladay/.config/firebase/iamjoshholladay_gmail_com_application_default_credentials.json {"metadata":{"emulator":{"name":"functions"},"message":"Setting GAC to /Users/joshholladay/.config/firebase/iamjoshholladay_gmail_com_application_default_credentials.json"}}
[debug] [2021-04-26T23:04:35.403Z] >>> [apiv2][query] GET https://firebase.googleapis.com/v1beta1/projects/calico-7c4ba/adminSdkConfig [none]
[debug] [2021-04-26T23:04:35.761Z] <<< [apiv2][status] GET https://firebase.googleapis.com/v1beta1/projects/calico-7c4ba/adminSdkConfig 200
[debug] [2021-04-26T23:04:35.761Z] <<< [apiv2][body] GET https://firebase.googleapis.com/v1beta1/projects/calico-7c4ba/adminSdkConfig {"projectId":"calico-7c4ba","storageBucket":"calico-7c4ba.appspot.com","locationId":"us-central"}
[debug] [2021-04-26T23:04:36.038Z] Ignoring unsupported arg: projectId {"metadata":{"emulator":{"name":"firestore"},"message":"Ignoring unsupported arg: projectId"}}
[debug] [2021-04-26T23:04:36.039Z] Ignoring unsupported arg: auto_download {"metadata":{"emulator":{"name":"firestore"},"message":"Ignoring unsupported arg: auto_download"}}
[debug] [2021-04-26T23:04:36.039Z] Starting Firestore Emulator with command {"binary":"java","args":["-Dgoogle.cloud_firestore.debug_log_level=FINE","-Duser.language=en","-jar","/Users/joshholladay/.cache/firebase/emulators/cloud-firestore-emulator-v1.11.14.jar","--host","localhost","--port",8080,"--rules","/Users/joshholladay/Projects/PocketRN/vue-calico/firestore.rules","--functions_emulator","localhost:5001"],"optionalArgs":["port","webchannel_port","host","rules","functions_emulator","seed_from_export"],"joinArgs":false} {"metadata":{"emulator":{"name":"firestore"},"message":"Starting Firestore Emulator with command {\"binary\":\"java\",\"args\":[\"-Dgoogle.cloud_firestore.debug_log_level=FINE\",\"-Duser.language=en\",\"-jar\",\"/Users/joshholladay/.cache/firebase/emulators/cloud-firestore-emulator-v1.11.14.jar\",\"--host\",\"localhost\",\"--port\",8080,\"--rules\",\"/Users/joshholladay/Projects/PocketRN/vue-calico/firestore.rules\",\"--functions_emulator\",\"localhost:5001\"],\"optionalArgs\":[\"port\",\"webchannel_port\",\"host\",\"rules\",\"functions_emulator\",\"seed_from_export\"],\"joinArgs\":false}"}}
[info] i  firestore: Firestore Emulator logging to firestore-debug.log {"metadata":{"emulator":{"name":"firestore"},"message":"Firestore Emulator logging to \u001b[1mfirestore-debug.log\u001b[22m"}}
[debug] [2021-04-26T23:04:37.571Z] Apr 26, 2021 5:04:37 PM com.google.cloud.datastore.emulator.firestore.websocket.WebSocketServer start
INFO: Started WebSocket server on ws://localhost:52328
 {"metadata":{"emulator":{"name":"firestore"},"message":"Apr 26, 2021 5:04:37 PM com.google.cloud.datastore.emulator.firestore.websocket.WebSocketServer start\nINFO: Started WebSocket server on ws://localhost:52328\n"}}
[debug] [2021-04-26T23:04:37.607Z] API endpoint: http:// {"metadata":{"emulator":{"name":"firestore"},"message":"API endpoint: http://"}}
[debug] [2021-04-26T23:04:37.608Z] localhost {"metadata":{"emulator":{"name":"firestore"},"message":"localhost"}}
[debug] [2021-04-26T23:04:37.609Z] : {"metadata":{"emulator":{"name":"firestore"},"message":":"}}
[debug] [2021-04-26T23:04:37.609Z] 8080 {"metadata":{"emulator":{"name":"firestore"},"message":"8080"}}
[debug] [2021-04-26T23:04:37.610Z] 
 {"metadata":{"emulator":{"name":"firestore"},"message":"\n"}}
[debug] [2021-04-26T23:04:37.610Z] If you are using a library that supports the FIRESTORE_EMULATOR_HOST environment variable, run:
 {"metadata":{"emulator":{"name":"firestore"},"message":"If you are using a library that supports the FIRESTORE_EMULATOR_HOST environment variable, run:\n"}}
[debug] [2021-04-26T23:04:37.611Z] 
   export FIRESTORE_EMULATOR_HOST= {"metadata":{"emulator":{"name":"firestore"},"message":"\n   export FIRESTORE_EMULATOR_HOST="}}
[debug] [2021-04-26T23:04:37.611Z] localhost {"metadata":{"emulator":{"name":"firestore"},"message":"localhost"}}
[debug] [2021-04-26T23:04:37.611Z] : {"metadata":{"emulator":{"name":"firestore"},"message":":"}}
[debug] [2021-04-26T23:04:37.611Z] 8080 {"metadata":{"emulator":{"name":"firestore"},"message":"8080"}}
[debug] [2021-04-26T23:04:37.612Z] 

 {"metadata":{"emulator":{"name":"firestore"},"message":"\n\n"}}
[debug] [2021-04-26T23:04:37.612Z] Dev App Server is now running.

 {"metadata":{"emulator":{"name":"firestore"},"message":"Dev App Server is now running.\n\n"}}
[debug] [2021-04-26T23:04:37.849Z] Ignoring unsupported arg: auto_download {"metadata":{"emulator":{"name":"ui"},"message":"Ignoring unsupported arg: auto_download"}}
[debug] [2021-04-26T23:04:37.849Z] Ignoring unsupported arg: port {"metadata":{"emulator":{"name":"ui"},"message":"Ignoring unsupported arg: port"}}
[debug] [2021-04-26T23:04:37.849Z] Starting Emulator UI with command {"binary":"node","args":["/Users/joshholladay/.cache/firebase/emulators/ui-v1.4.2/server.bundle.js"],"optionalArgs":[],"joinArgs":false} {"metadata":{"emulator":{"name":"ui"},"message":"Starting Emulator UI with command {\"binary\":\"node\",\"args\":[\"/Users/joshholladay/.cache/firebase/emulators/ui-v1.4.2/server.bundle.js\"],\"optionalArgs\":[],\"joinArgs\":false}"}}
[info] i  ui: Emulator UI logging to ui-debug.log {"metadata":{"emulator":{"name":"ui"},"message":"Emulator UI logging to \u001b[1mui-debug.log\u001b[22m"}}
[debug] [2021-04-26T23:04:37.976Z] Web / API server started at http://localhost:4000
 {"metadata":{"emulator":{"name":"ui"},"message":"Web / API server started at http://localhost:4000\n"}}
[info] i  functions: Watching "/Users/joshholladay/Projects/PocketRN/vue-calico/functions" for Cloud Functions... {"metadata":{"emulator":{"name":"functions"},"message":"Watching \"/Users/joshholladay/Projects/PocketRN/vue-calico/functions\" for Cloud Functions..."}}
[debug] [2021-04-26T23:04:38.127Z] [worker-pool] addWorker(~diagnostic~) {"metadata":{"emulator":{"name":"functions"},"message":"[worker-pool] addWorker(~diagnostic~)"}}
[debug] [2021-04-26T23:04:38.128Z] [worker-pool] Adding worker with key ~diagnostic~, total=1 {"metadata":{"emulator":{"name":"functions"},"message":"[worker-pool] Adding worker with key ~diagnostic~, total=1"}}
[debug] [2021-04-26T23:04:38.128Z] [worker-pool] submitWork(triggerId=) {"metadata":{"emulator":{"name":"functions"},"message":"[worker-pool] submitWork(triggerId=)"}}
[debug] [2021-04-26T23:04:38.128Z] [worker-~diagnostic~-551e9914-2f21-4a8a-919f-8530e9b00591]: Assigning socketPath: /var/folders/09/h5r4_60s06s8smwghb72xbbm0000gn/T/fire_emu_83561.sock {"metadata":{"emulator":{"name":"functions"},"message":"[worker-~diagnostic~-551e9914-2f21-4a8a-919f-8530e9b00591]: Assigning socketPath: /var/folders/09/h5r4_60s06s8smwghb72xbbm0000gn/T/fire_emu_83561.sock"}}
[debug] [2021-04-26T23:04:38.128Z] [worker-~diagnostic~-551e9914-2f21-4a8a-919f-8530e9b00591]: BUSY {"metadata":{"emulator":{"name":"functions"},"message":"[worker-~diagnostic~-551e9914-2f21-4a8a-919f-8530e9b00591]: BUSY"}}
[debug] [2021-04-26T23:04:38.284Z] [runtime-status] [83561] Functions runtime initialized. {"cwd":"/Users/joshholladay/Projects/PocketRN/vue-calico/functions","node_version":"12.22.1"} {"metadata":{"emulator":{"name":"functions"},"message":"[runtime-status] [83561] Functions runtime initialized. {\"cwd\":\"/Users/joshholladay/Projects/PocketRN/vue-calico/functions\",\"node_version\":\"12.22.1\"}"}}
[debug] [2021-04-26T23:04:38.284Z] [runtime-status] [83561] Disabled runtime features: undefined {"metadata":{"emulator":{"name":"functions"},"message":"[runtime-status] [83561] Disabled runtime features: undefined"}}
[debug] [2021-04-26T23:04:38.288Z] [runtime-status] [83561] Resolved module firebase-admin {"declared":true,"installed":true,"version":"9.6.0","resolution":"/Users/joshholladay/Projects/PocketRN/vue-calico/functions/node_modules/firebase-admin/lib/index.js"} {"metadata":{"emulator":{"name":"functions"},"message":"[runtime-status] [83561] Resolved module firebase-admin {\"declared\":true,\"installed\":true,\"version\":\"9.6.0\",\"resolution\":\"/Users/joshholladay/Projects/PocketRN/vue-calico/functions/node_modules/firebase-admin/lib/index.js\"}"}}
[debug] [2021-04-26T23:04:38.289Z] [runtime-status] [83561] Resolved module firebase-functions {"declared":true,"installed":true,"version":"3.13.2","resolution":"/Users/joshholladay/Projects/PocketRN/vue-calico/functions/node_modules/firebase-functions/lib/index.js"} {"metadata":{"emulator":{"name":"functions"},"message":"[runtime-status] [83561] Resolved module firebase-functions {\"declared\":true,\"installed\":true,\"version\":\"3.13.2\",\"resolution\":\"/Users/joshholladay/Projects/PocketRN/vue-calico/functions/node_modules/firebase-functions/lib/index.js\"}"}}
[debug] [2021-04-26T23:04:38.289Z] [runtime-status] [83561] Resolved module firebase-functions {"declared":true,"installed":true,"version":"3.13.2","resolution":"/Users/joshholladay/Projects/PocketRN/vue-calico/functions/node_modules/firebase-functions/lib/index.js"} {"metadata":{"emulator":{"name":"functions"},"message":"[runtime-status] [83561] Resolved module firebase-functions {\"declared\":true,\"installed\":true,\"version\":\"3.13.2\",\"resolution\":\"/Users/joshholladay/Projects/PocketRN/vue-calico/functions/node_modules/firebase-functions/lib/index.js\"}"}}
[debug] [2021-04-26T23:04:38.291Z] [runtime-status] [83561] Outgoing network have been stubbed. [{"name":"http","status":"mocked"},{"name":"http","status":"mocked"},{"name":"https","status":"mocked"},{"name":"https","status":"mocked"},{"name":"net","status":"mocked"}] {"metadata":{"emulator":{"name":"functions"},"message":"[runtime-status] [83561] Outgoing network have been stubbed. [{\"name\":\"http\",\"status\":\"mocked\"},{\"name\":\"http\",\"status\":\"mocked\"},{\"name\":\"https\",\"status\":\"mocked\"},{\"name\":\"https\",\"status\":\"mocked\"},{\"name\":\"net\",\"status\":\"mocked\"}]"}}
[debug] [2021-04-26T23:04:38.291Z] [runtime-status] [83561] Resolved module firebase-functions {"declared":true,"installed":true,"version":"3.13.2","resolution":"/Users/joshholladay/Projects/PocketRN/vue-calico/functions/node_modules/firebase-functions/lib/index.js"} {"metadata":{"emulator":{"name":"functions"},"message":"[runtime-status] [83561] Resolved module firebase-functions {\"declared\":true,\"installed\":true,\"version\":\"3.13.2\",\"resolution\":\"/Users/joshholladay/Projects/PocketRN/vue-calico/functions/node_modules/firebase-functions/lib/index.js\"}"}}
[debug] [2021-04-26T23:04:38.365Z] [runtime-status] [83561] Checked functions.config() {"config":{}} {"metadata":{"emulator":{"name":"functions"},"message":"[runtime-status] [83561] Checked functions.config() {\"config\":{}}"}}
[debug] [2021-04-26T23:04:38.365Z] [runtime-status] [83561] firebase-functions has been stubbed. {"functionsResolution":{"declared":true,"installed":true,"version":"3.13.2","resolution":"/Users/joshholladay/Projects/PocketRN/vue-calico/functions/node_modules/firebase-functions/lib/index.js"}} {"metadata":{"emulator":{"name":"functions"},"message":"[runtime-status] [83561] firebase-functions has been stubbed. {\"functionsResolution\":{\"declared\":true,\"installed\":true,\"version\":\"3.13.2\",\"resolution\":\"/Users/joshholladay/Projects/PocketRN/vue-calico/functions/node_modules/firebase-functions/lib/index.js\"}}"}}
[debug] [2021-04-26T23:04:38.366Z] [runtime-status] [83561] Resolved module firebase-functions {"declared":true,"installed":true,"version":"3.13.2","resolution":"/Users/joshholladay/Projects/PocketRN/vue-calico/functions/node_modules/firebase-functions/lib/index.js"} {"metadata":{"emulator":{"name":"functions"},"message":"[runtime-status] [83561] Resolved module firebase-functions {\"declared\":true,\"installed\":true,\"version\":\"3.13.2\",\"resolution\":\"/Users/joshholladay/Projects/PocketRN/vue-calico/functions/node_modules/firebase-functions/lib/index.js\"}"}}
[debug] [2021-04-26T23:04:38.366Z] [runtime-status] [83561] Resolved module firebase-admin {"declared":true,"installed":true,"version":"9.6.0","resolution":"/Users/joshholladay/Projects/PocketRN/vue-calico/functions/node_modules/firebase-admin/lib/index.js"} {"metadata":{"emulator":{"name":"functions"},"message":"[runtime-status] [83561] Resolved module firebase-admin {\"declared\":true,\"installed\":true,\"version\":\"9.6.0\",\"resolution\":\"/Users/joshholladay/Projects/PocketRN/vue-calico/functions/node_modules/firebase-admin/lib/index.js\"}"}}
[debug] [2021-04-26T23:04:38.367Z] [runtime-status] [83561] Resolved module firebase-functions {"declared":true,"installed":true,"version":"3.13.2","resolution":"/Users/joshholladay/Projects/PocketRN/vue-calico/functions/node_modules/firebase-functions/lib/index.js"} {"metadata":{"emulator":{"name":"functions"},"message":"[runtime-status] [83561] Resolved module firebase-functions {\"declared\":true,\"installed\":true,\"version\":\"3.13.2\",\"resolution\":\"/Users/joshholladay/Projects/PocketRN/vue-calico/functions/node_modules/firebase-functions/lib/index.js\"}"}}
[debug] [2021-04-26T23:04:38.367Z] [runtime-status] [83561] firebase-admin has been stubbed. {"adminResolution":{"declared":true,"installed":true,"version":"9.6.0","resolution":"/Users/joshholladay/Projects/PocketRN/vue-calico/functions/node_modules/firebase-admin/lib/index.js"}} {"metadata":{"emulator":{"name":"functions"},"message":"[runtime-status] [83561] firebase-admin has been stubbed. {\"adminResolution\":{\"declared\":true,\"installed\":true,\"version\":\"9.6.0\",\"resolution\":\"/Users/joshholladay/Projects/PocketRN/vue-calico/functions/node_modules/firebase-admin/lib/index.js\"}}"}}
[info] ✔  functions[helloWorld]: http function initialized (http://localhost:5001/calico-7c4ba/us-central1/helloWorld). {"metadata":{"emulator":{"name":"functions"},"message":"\u001b[1mhttp\u001b[22m function initialized (http://localhost:5001/calico-7c4ba/us-central1/helloWorld)."}}
[info] 
┌─────────────────────────────────────────────────────────────┐
│ ✔  All emulators ready! It is now safe to connect your app. │
│ i  View Emulator UI at http://localhost:4000                │
└─────────────────────────────────────────────────────────────┘

┌───────────┬────────────────┬─────────────────────────────────┐
│ Emulator  │ Host:Port      │ View in Emulator UI             │
├───────────┼────────────────┼─────────────────────────────────┤
│ Functions │ localhost:5001 │ http://localhost:4000/functions │
├───────────┼────────────────┼─────────────────────────────────┤
│ Firestore │ localhost:8080 │ http://localhost:4000/firestore │
└───────────┴────────────────┴─────────────────────────────────┘
  Emulator Hub running at localhost:4400
  Other reserved ports: 4500

Issues? Report them at https://github.com/firebase/firebase-tools/issues and attach the *-debug.log files.
 
[debug] [2021-04-26T23:04:38.377Z] [worker-~diagnostic~-551e9914-2f21-4a8a-919f-8530e9b00591]: IDLE {"metadata":{"emulator":{"name":"functions"},"message":"[worker-~diagnostic~-551e9914-2f21-4a8a-919f-8530e9b00591]: IDLE"}}
